<?xml version="1.0" encoding="UTF-8"?>
<!-- Generated by org.testng.reporters.JUnitReportReporter -->
<testsuite hostname="DESKTOP-NDCP03K" failures="0" tests="1" name="CRMTests.CRMLogInTest" time="72.245" errors="0" timestamp="2024-07-13T11:16:51 IST" skipped="0">
  <testcase classname="CRMTests.CRMLogInTest" name="CRMLogin" time="72.245"/>
  <system-out/>
</testsuite> <!-- CRMTests.CRMLogInTest -->
